[ActionDispatch::HostAuthorization::DefaultResponseApp] Blocked hosts: dd076908b3154c1a9358658241f0134d.vfs.cloud9.us-east-1.amazonaws.com
[ActionDispatch::HostAuthorization::DefaultResponseApp] Blocked hosts: dd076908b3154c1a9358658241f0134d.vfs.cloud9.us-east-1.amazonaws.com
[ActionDispatch::HostAuthorization::DefaultResponseApp] Blocked hosts: dd076908b3154c1a9358658241f0134d.vfs.cloud9.us-east-1.amazonaws.com
Started GET "/" for 146.111.194.16 at 2024-03-12 21:36:07 +0000
Cannot render console from 146.111.194.16! Allowed networks: 127.0.0.0/127.255.255.255, ::1
  [1m[35m (16.2ms)[0m  [1m[35mCREATE TABLE "schema_migrations" ("version" varchar NOT NULL PRIMARY KEY)[0m
  [1m[35m (0.3ms)[0m  [1m[35mCREATE TABLE "ar_internal_metadata" ("key" varchar NOT NULL PRIMARY KEY, "value" varchar, "created_at" datetime(6) NOT NULL, "updated_at" datetime(6) NOT NULL)[0m
  [1m[36mActiveRecord::SchemaMigration Load (0.2ms)[0m  [1m[34mSELECT "schema_migrations"."version" FROM "schema_migrations" ORDER BY "schema_migrations"."version" ASC[0m
Processing by Rails::WelcomeController#index as HTML
  Rendering /home/ec2-user/.rvm/gems/ruby-3.2.1/gems/railties-7.1.3.2/lib/rails/templates/rails/welcome/index.html.erb
  Rendered /home/ec2-user/.rvm/gems/ruby-3.2.1/gems/railties-7.1.3.2/lib/rails/templates/rails/welcome/index.html.erb (Duration: 1.6ms | Allocations: 374)
Completed 200 OK in 30ms (Views: 8.8ms | ActiveRecord: 0.0ms | Allocations: 4939)


Started GET "/" for 146.111.194.16 at 2024-03-12 21:36:08 +0000
Cannot render console from 146.111.194.16! Allowed networks: 127.0.0.0/127.255.255.255, ::1
Processing by Rails::WelcomeController#index as HTML
  Rendering /home/ec2-user/.rvm/gems/ruby-3.2.1/gems/railties-7.1.3.2/lib/rails/templates/rails/welcome/index.html.erb
  Rendered /home/ec2-user/.rvm/gems/ruby-3.2.1/gems/railties-7.1.3.2/lib/rails/templates/rails/welcome/index.html.erb (Duration: 0.1ms | Allocations: 13)
Completed 200 OK in 4ms (Views: 3.4ms | ActiveRecord: 0.0ms | Allocations: 215)


  [1m[36mActiveRecord::InternalMetadata Load (0.2ms)[0m  [1m[34mSELECT * FROM "ar_internal_metadata" WHERE "ar_internal_metadata"."key" = ? ORDER BY "ar_internal_metadata"."key" ASC LIMIT 1[0m  [[nil, "environment"]]
  [1m[36mActiveRecord::InternalMetadata Create (9.9ms)[0m  [1m[32mINSERT INTO "ar_internal_metadata" ("key", "value", "created_at", "updated_at") VALUES ('environment', 'development', '2024-03-12 21:38:07.710872', '2024-03-12 21:38:07.710877') RETURNING "key"[0m
  [1m[36mActiveRecord::SchemaMigration Load (0.1ms)[0m  [1m[34mSELECT "schema_migrations"."version" FROM "schema_migrations" ORDER BY "schema_migrations"."version" ASC[0m
Migrating to CreateCountryDataFinals (20240312213736)
  [1m[36mTRANSACTION (0.1ms)[0m  [1m[36mbegin transaction[0m
  [1m[35m (2.7ms)[0m  [1m[35mCREATE TABLE "country_data_finals" ("id" integer PRIMARY KEY AUTOINCREMENT NOT NULL, "name" text, "mobilephones" float, "mortalityunder5" float, "healthexpenditurepercapita" float, "healthexpenditureppercentgdp" float, "population" float, "populationurban" float, "birthrate" float, "lifeexpectancy" float, "gdp" float, "created_at" datetime(6) NOT NULL, "updated_at" datetime(6) NOT NULL)[0m
  [1m[36mActiveRecord::SchemaMigration Create (0.2ms)[0m  [1m[32mINSERT INTO "schema_migrations" ("version") VALUES ('20240312213736') RETURNING "version"[0m
  [1m[36mTRANSACTION (0.2ms)[0m  [1m[36mcommit transaction[0m
  [1m[36mActiveRecord::SchemaMigration Load (2.4ms)[0m  [1m[34mSELECT "schema_migrations"."version" FROM "schema_migrations" ORDER BY "schema_migrations"."version" ASC[0m
Started GET "/" for 146.111.194.16 at 2024-03-12 21:39:56 +0000
Cannot render console from 146.111.194.16! Allowed networks: 127.0.0.0/127.255.255.255, ::1
  [1m[36mActiveRecord::SchemaMigration Load (0.1ms)[0m  [1m[34mSELECT "schema_migrations"."version" FROM "schema_migrations" ORDER BY "schema_migrations"."version" ASC[0m
Processing by CountryDataFinalsController#index as HTML
  Rendering layout layouts/application.html.erb
  Rendering country_data_finals/index.html.erb within layouts/application
  [1m[36mCountryDataFinal Load (0.1ms)[0m  [1m[34mSELECT "country_data_finals".* FROM "country_data_finals"[0m
  ↳ app/views/country_data_finals/index.html.erb:6
  Rendered country_data_finals/index.html.erb within layouts/application (Duration: 14.8ms | Allocations: 1560)
  Rendered layout layouts/application.html.erb (Duration: 1064.5ms | Allocations: 89189)
Completed 200 OK in 1140ms (Views: 1071.8ms | ActiveRecord: 1.7ms | Allocations: 99257)


Started GET "/country_data_finals/new" for 146.111.194.16 at 2024-03-12 21:40:00 +0000
Cannot render console from 146.111.194.16! Allowed networks: 127.0.0.0/127.255.255.255, ::1
Processing by CountryDataFinalsController#new as HTML
  Rendering layout layouts/application.html.erb
  Rendering country_data_finals/new.html.erb within layouts/application
  Rendered country_data_finals/_form.html.erb (Duration: 83.5ms | Allocations: 7162)
  Rendered country_data_finals/new.html.erb within layouts/application (Duration: 85.7ms | Allocations: 7483)
  Rendered layout layouts/application.html.erb (Duration: 89.1ms | Allocations: 8596)
Completed 200 OK in 170ms (Views: 96.4ms | ActiveRecord: 0.5ms | Allocations: 27593)


Started GET "/country_data_finals" for 146.111.194.16 at 2024-03-12 21:40:05 +0000
Cannot render console from 146.111.194.16! Allowed networks: 127.0.0.0/127.255.255.255, ::1
Processing by CountryDataFinalsController#index as HTML
  Rendering layout layouts/application.html.erb
  Rendering country_data_finals/index.html.erb within layouts/application
  [1m[36mCountryDataFinal Load (0.1ms)[0m  [1m[34mSELECT "country_data_finals".* FROM "country_data_finals"[0m
  ↳ app/views/country_data_finals/index.html.erb:6
  Rendered country_data_finals/index.html.erb within layouts/application (Duration: 4.6ms | Allocations: 660)
  Rendered layout layouts/application.html.erb (Duration: 9.3ms | Allocations: 1782)
Completed 200 OK in 14ms (Views: 13.5ms | ActiveRecord: 0.1ms | Allocations: 2052)


Started GET "/country_data_finals" for 146.111.194.16 at 2024-03-12 21:40:07 +0000
Cannot render console from 146.111.194.16! Allowed networks: 127.0.0.0/127.255.255.255, ::1
Processing by CountryDataFinalsController#index as HTML
  Rendering layout layouts/application.html.erb
  Rendering country_data_finals/index.html.erb within layouts/application
  [1m[36mCountryDataFinal Load (0.1ms)[0m  [1m[34mSELECT "country_data_finals".* FROM "country_data_finals"[0m
  ↳ app/views/country_data_finals/index.html.erb:6
  Rendered country_data_finals/index.html.erb within layouts/application (Duration: 4.0ms | Allocations: 610)
  Rendered layout layouts/application.html.erb (Duration: 8.4ms | Allocations: 1731)
Completed 200 OK in 13ms (Views: 12.8ms | ActiveRecord: 0.1ms | Allocations: 1999)


  [1m[36mActiveRecord::SchemaMigration Load (0.1ms)[0m  [1m[34mSELECT "schema_migrations"."version" FROM "schema_migrations" ORDER BY "schema_migrations"."version" ASC[0m
  [1m[36mTRANSACTION (0.1ms)[0m  [1m[36mbegin transaction[0m
  [1m[36mCountryDataFinal Create (11.2ms)[0m  [1m[32mINSERT INTO "country_data_finals" ("name", "mobilephones", "mortalityunder5", "healthexpenditurepercapita", "healthexpenditureppercentgdp", "population", "populationurban", "birthrate", "lifeexpectancy", "gdp", "created_at", "updated_at") VALUES (?, ?, ?, ?, ?, ?, ?, ?, ?, ?, ?, ?) RETURNING "id"[0m  [["name", "Afghanistan"], ["mobilephones", 0.0], ["mortalityunder5", 150.0], ["healthexpenditurepercapita", 11.0], ["healthexpenditureppercentgdp", 9.0], ["population", 26697430.0], ["populationurban", 5771984.0], ["birthrate", 50.0], ["lifeexpectancy", 46.0], ["gdp", 2461666315.0], ["created_at", "2024-03-12 21:41:13.643384"], ["updated_at", "2024-03-12 21:41:13.643384"]]
  [1m[36mTRANSACTION (6.1ms)[0m  [1m[36mcommit transaction[0m
  [1m[36mTRANSACTION (0.1ms)[0m  [1m[36mbegin transaction[0m
  [1m[36mCountryDataFinal Create (1.2ms)[0m  [1m[32mINSERT INTO "country_data_finals" ("name", "mobilephones", "mortalityunder5", "healthexpenditurepercapita", "healthexpenditureppercentgdp", "population", "populationurban", "birthrate", "lifeexpectancy", "gdp", "created_at", "updated_at") VALUES (?, ?, ?, ?, ?, ?, ?, ?, ?, ?, ?, ?) RETURNING "id"[0m  [["name", "Albania"], ["mobilephones", 29791.0], ["mortalityunder5", 29.0], ["healthexpenditurepercapita", 75.0], ["healthexpenditureppercentgdp", 6.0], ["population", 3071856.0], ["populationurban", 1280964.0], ["birthrate", 17.0], ["lifeexpectancy", 74.0], ["gdp", 3686649387.0], ["created_at", "2024-03-12 21:41:13.666723"], ["updated_at", "2024-03-12 21:41:13.666723"]]
  [1m[36mTRANSACTION (0.1ms)[0m  [1m[36mcommit transaction[0m
  [1m[36mTRANSACTION (0.0ms)[0m  [1m[36mbegin transaction[0m
  [1m[36mCountryDataFinal Create (1.4ms)[0m  [1m[32mINSERT INTO "country_data_finals" ("name", "mobilephones", "mortalityunder5", "healthexpenditurepercapita", "healthexpenditureppercentgdp", "population", "populationurban", "birthrate", "lifeexpectancy", "gdp", "created_at", "updated_at") VALUES (?, ?, ?, ?, ?, ?, ?, ?, ?, ?, ?, ?) RETURNING "id"[0m  [["name", "Algeria"], ["mobilephones", 86000.0], ["mortalityunder5", 49.0], ["healthexpenditurepercapita", 63.0], ["healthexpenditureppercentgdp", 3.0], ["population", 30533827.0], ["populationurban", 18259229.0], ["birthrate", 21.0], ["lifeexpectancy", 70.0], ["gdp", 54790058957.0], ["created_at", "2024-03-12 21:41:13.672508"], ["updated_at", "2024-03-12 21:41:13.672508"]]
  [1m[36mTRANSACTION (0.1ms)[0m  [1m[36mcommit transaction[0m
  [1m[36mTRANSACTION (0.0ms)[0m  [1m[36mbegin transaction[0m
  [1m[36mCountryDataFinal Create (1.0ms)[0m  [1m[32mINSERT INTO "country_data_finals" ("name", "mobilephones", "mortalityunder5", "healthexpenditurepercapita", "healthexpenditureppercentgdp", "population", "populationurban", "birthrate", "lifeexpectancy", "gdp", "created_at", "updated_at") VALUES (?, ?, ?, ?, ?, ?, ?, ?, ?, ?, ?, ?) RETURNING "id"[0m  [["name", "American Samoa"], ["mobilephones", 1992.0], ["mortalityunder5", 0.0], ["healthexpenditurepercapita", 0.0], ["healthexpenditureppercentgdp", 0.0], ["population", 57625.0], ["populationurban", 51171.0], ["birthrate", 0.0], ["lifeexpectancy", 0.0], ["gdp", 0.0], ["created_at", "2024-03-12 21:41:13.676131"], ["updated_at", "2024-03-12 21:41:13.676131"]]
  [1m[36mTRANSACTION (0.1ms)[0m  [1m[36mcommit transaction[0m
  [1m[36mTRANSACTION (0.0ms)[0m  [1m[36mbegin transaction[0m
  [1m[36mCountryDataFinal Create (3.6ms)[0m  [1m[32mINSERT INTO "country_data_finals" ("name", "mobilephones", "mortalityunder5", "healthexpenditurepercapita", "healthexpenditureppercentgdp", "population", "populationurban", "birthrate", "lifeexpectancy", "gdp", "created_at", "updated_at") VALUES (?, ?, ?, ?, ?, ?, ?, ?, ?, ?, ?, ?) RETURNING "id"[0m  [["name", "Andorra"], ["mobilephones", 23543.0], ["mortalityunder5", 5.0], ["healthexpenditurepercapita", 1289.0], ["healthexpenditureppercentgdp", 8.0], ["population", 64634.0], ["populationurban", 59722.0], ["birthrate", 11.0], ["lifeexpectancy", 0.0], ["gdp", 1133644295.0], ["created_at", "2024-03-12 21:41:13.684401"], ["updated_at", "2024-03-12 21:41:13.684401"]]
  [1m[36mTRANSACTION (2.7ms)[0m  [1m[36mcommit transaction[0m
  [1m[36mTRANSACTION (0.0ms)[0m  [1m[36mbegin transaction[0m
  [1m[36mCountryDataFinal Create (1.4ms)[0m  [1m[32mINSERT INTO "country_data_finals" ("name", "mobilephones", "mortalityunder5", "healthexpenditurepercapita", "healthexpenditureppercentgdp", "population", "populationurban", "birthrate", "lifeexpectancy", "gdp", "created_at", "updated_at") VALUES (?, ?, ?, ?, ?, ?, ?, ?, ?, ?, ?, ?) RETURNING "id"[0m  [["name", "Angola"], ["mobilephones", 25806.0], ["mortalityunder5", 200.0], ["healthexpenditurepercapita", 15.0], ["healthexpenditureppercentgdp", 2.0], ["population", 13926373.0], ["populationurban", 6823923.0], ["birthrate", 50.0], ["lifeexpectancy", 46.0], ["gdp", 9129180361.0], ["created_at", "2024-03-12 21:41:13.696056"], ["updated_at", "2024-03-12 21:41:13.696056"]]
  [1m[36mTRANSACTION (2.2ms)[0m  [1m[36mcommit transaction[0m
  [1m[36mTRANSACTION (0.0ms)[0m  [1m[36mbegin transaction[0m
  [1m[36mCountryDataFinal Create (1.3ms)[0m  [1m[32mINSERT INTO "country_data_finals" ("name", "mobilephones", "mortalityunder5", "healthexpenditurepercapita", "healthexpenditureppercentgdp", "population", "populationurban", "birthrate", "lifeexpectancy", "gdp", "created_at", "updated_at") VALUES (?, ?, ?, ?, ?, ?, ?, ?, ?, ?, ?, ?) RETURNING "id"[0m  [["name", "Antigua and Barbuda"], ["mobilephones", 22000.0], ["mortalityunder5", 15.0], ["healthexpenditurepercapita", 411.0], ["healthexpenditureppercentgdp", 5.0], ["population", 77656.0], ["populationurban", 24928.0], ["birthrate", 21.0], ["lifeexpectancy", 0.0], ["gdp", 802526701.0], ["created_at", "2024-03-12 21:41:13.704676"], ["updated_at", "2024-03-12 21:41:13.704676"]]
  [1m[36mTRANSACTION (0.1ms)[0m  [1m[36mcommit transaction[0m
  [1m[36mTRANSACTION (0.0ms)[0m  [1m[36mbegin transaction[0m
  [1m[36mCountryDataFinal Create (3.4ms)[0m  [1m[32mINSERT INTO "country_data_finals" ("name", "mobilephones", "mortalityunder5", "healthexpenditurepercapita", "healthexpenditureppercentgdp", "population", "populationurban", "birthrate", "lifeexpectancy", "gdp", "created_at", "updated_at") VALUES (?, ?, ?, ?, ?, ?, ?, ?, ?, ?, ?, ?) RETURNING "id"[0m  [["name", "Argentina"], ["mobilephones", 6487950.0], ["mortalityunder5", 20.0], ["healthexpenditurepercapita", 689.0], ["healthexpenditureppercentgdp", 9.0], ["population", 36930709.0], ["populationurban", 33274569.0], ["birthrate", 19.0], ["lifeexpectancy", 74.0], ["gdp", 284204000000.0], ["created_at", "2024-03-12 21:41:13.713522"], ["updated_at", "2024-03-12 21:41:13.713522"]]
  [1m[36mTRANSACTION (3.1ms)[0m  [1m[36mcommit transaction[0m
  [1m[36mTRANSACTION (0.0ms)[0m  [1m[36mbegin transaction[0m
  [1m[36mCountryDataFinal Create (1.0ms)[0m  [1m[32mINSERT INTO "country_data_finals" ("name", "mobilephones", "mortalityunder5", "healthexpenditurepercapita", "healthexpenditureppercentgdp", "population", "populationurban", "birthrate", "lifeexpectancy", "gdp", "created_at", "updated_at") VALUES (?, ?, ?, ?, ?, ?, ?, ?, ?, ?, ?, ?) RETURNING "id"[0m  [["name", "Armenia"], ["mobilephones", 17486.0], ["mortalityunder5", 33.0], ["healthexpenditurepercapita", 41.0], ["healthexpenditureppercentgdp", 7.0], ["population", 3076098.0], ["populationurban", 2002540.0], ["birthrate", 13.0], ["lifeexpectancy", 71.0], ["gdp", 1911563665.0], ["created_at", "2024-03-12 21:41:13.724165"], ["updated_at", "2024-03-12 21:41:13.724165"]]
  [1m[36mTRANSACTION (0.1ms)[0m  [1m[36mcommit transaction[0m
  [1m[36mTRANSACTION (0.0ms)[0m  [1m[36mbegin transaction[0m
  [1m[36mCountryDataFinal Create (2.9ms)[0m  [1m[32mINSERT INTO "country_data_finals" ("name", "mobilephones", "mortalityunder5", "healthexpenditurepercapita", "healthexpenditureppercentgdp", "population", "populationurban", "birthrate", "lifeexpectancy", "gdp", "created_at", "updated_at") VALUES (?, ?, ?, ?, ?, ?, ?, ?, ?, ?, ?, ?) RETURNING "id"[0m  [["name", "Aruba"], ["mobilephones", 15000.0], ["mortalityunder5", 0.0], ["healthexpenditurepercapita", 0.0], ["healthexpenditureppercentgdp", 0.0], ["population", 90271.0], ["populationurban", 42157.0], ["birthrate", 14.0], ["lifeexpectancy", 74.0], ["gdp", 1858659293.0], ["created_at", "2024-03-12 21:41:13.732881"], ["updated_at", "2024-03-12 21:41:13.732881"]]
  [1m[36mTRANSACTION (3.1ms)[0m  [1m[36mcommit transaction[0m
  [1m[36mTRANSACTION (0.1ms)[0m  [1m[36mbegin transaction[0m
  [1m[36mCountryDataFinal Create (1.3ms)[0m  [1m[32mINSERT INTO "country_data_finals" ("name", "mobilephones", "mortalityunder5", "healthexpenditurepercapita", "healthexpenditureppercentgdp", "population", "populationurban", "birthrate", "lifeexpectancy", "gdp", "created_at", "updated_at") VALUES (?, ?, ?, ?, ?, ?, ?, ?, ?, ?, ?, ?) RETURNING "id"[0m  [["name", "Australia"], ["mobilephones", 8562000.0], ["mortalityunder5", 6.0], ["healthexpenditurepercapita", 1728.0], ["healthexpenditureppercentgdp", 8.0], ["population", 19153000.0], ["populationurban", 16701416.0], ["birthrate", 13.0], ["lifeexpectancy", 80.0], ["gdp", 416888000000.0], ["created_at", "2024-03-12 21:41:13.745136"], ["updated_at", "2024-03-12 21:41:13.745136"]]
  [1m[36mTRANSACTION (1.7ms)[0m  [1m[36mcommit transaction[0m
  [1m[36mTRANSACTION (0.1ms)[0m  [1m[36mbegin transaction[0m
  [1m[36mCountryDataFinal Create (42.3ms)[0m  [1m[32mINSERT INTO "country_data_finals" ("name", "mobilephones", "mortalityunder5", "healthexpenditurepercapita", "healthexpenditureppercentgdp", "population", "populationurban", "birthrate", "lifeexpectancy", "gdp", "created_at", "updated_at") VALUES (?, ?, ?, ?, ?, ?, ?, ?, ?, ?, ?, ?) RETURNING "id"[0m  [["name", "Austria"], ["mobilephones", 6117000.0], ["mortalityunder5", 6.0], ["healthexpenditurepercapita", 2361.0], ["healthexpenditureppercentgdp", 10.0], ["population", 8011566.0], ["populationurban", 5271610.0], ["birthrate", 10.0], ["lifeexpectancy", 78.0], ["gdp", 192071000000.0], ["created_at", "2024-03-12 21:41:13.762103"], ["updated_at", "2024-03-12 21:41:13.762103"]]
  [1m[36mTRANSACTION (2.6ms)[0m  [1m[36mcommit transaction[0m
  [1m[36mTRANSACTION (0.0ms)[0m  [1m[36mbegin transaction[0m
  [1m[36mCountryDataFinal Create (1.0ms)[0m  [1m[32mINSERT INTO "country_data_finals" ("name", "mobilephones", "mortalityunder5", "healthexpenditurepercapita", "healthexpenditureppercentgdp", "population", "populationurban", "birthrate", "lifeexpectancy", "gdp", "created_at", "updated_at") VALUES (?, ?, ?, ?, ?, ?, ?, ?, ?, ?, ?, ?) RETURNING "id"[0m  [["name", "Azerbaijan"], ["mobilephones", 420400.0], ["mortalityunder5", 67.0], ["healthexpenditurepercapita", 30.0], ["healthexpenditureppercentgdp", 5.0], ["population", 8048600.0], ["populationurban", 4120883.0], ["birthrate", 15.0], ["lifeexpectancy", 67.0], ["gdp", 5272617196.0], ["created_at", "2024-03-12 21:41:13.813635"], ["updated_at", "2024-03-12 21:41:13.813635"]]
  [1m[36mTRANSACTION (0.1ms)[0m  [1m[36mcommit transaction[0m
  [1m[36mTRANSACTION (0.0ms)[0m  [1m[36mbegin transaction[0m
  [1m[36mCountryDataFinal Create (4.8ms)[0m  [1m[32mINSERT INTO "country_data_finals" ("name", "mobilephones", "mortalityunder5", "healthexpenditurepercapita", "healthexpenditureppercentgdp", "population", "populationurban", "birthrate", "lifeexpectancy", "gdp", "created_at", "updated_at") VALUES (?, ?, ?, ?, ?, ?, ?, ?, ?, ?, ?, ?) RETURNING "id"[0m  [["name", "Bahamas, The"], ["mobilephones", 31524.0], ["mortalityunder5", 17.0], ["healthexpenditurepercapita", 1072.0], ["healthexpenditureppercentgdp", 6.0], ["population", 297651.0], ["populationurban", 244074.0], ["birthrate", 18.0], ["lifeexpectancy", 72.0], ["gdp", 6327552000.0], ["created_at", "2024-03-12 21:41:13.817430"], ["updated_at", "2024-03-12 21:41:13.817430"]]
  [1m[36mTRANSACTION (3.0ms)[0m  [1m[36mcommit transaction[0m
  [1m[36mTRANSACTION (0.0ms)[0m  [1m[36mbegin transaction[0m
  [1m[36mCountryDataFinal Create (1.0ms)[0m  [1m[32mINSERT INTO "country_data_finals" ("name", "mobilephones", "mortalityunder5", "healthexpenditurepercapita", "healthexpenditureppercentgdp", "population", "populationurban", "birthrate", "lifeexpectancy", "gdp", "created_at", "updated_at") VALUES (?, ?, ?, ?, ?, ?, ?, ?, ?, ?, ?, ?) RETURNING "id"[0m  [["name", "Bahrain"], ["mobilephones", 205727.0], ["mortalityunder5", 12.0], ["healthexpenditurepercapita", 488.0], ["healthexpenditureppercentgdp", 4.0], ["population", 638193.0], ["populationurban", 564163.0], ["birthrate", 22.0], ["lifeexpectancy", 74.0], ["gdp", 7970690894.0], ["created_at", "2024-03-12 21:41:13.829689"], ["updated_at", "2024-03-12 21:41:13.829689"]]
  [1m[36mTRANSACTION (0.1ms)[0m  [1m[36mcommit transaction[0m
  [1m[36mTRANSACTION (0.0ms)[0m  [1m[36mbegin transaction[0m
  [1m[36mCountryDataFinal Create (1.0ms)[0m  [1m[32mINSERT INTO "country_data_finals" ("name", "mobilephones", "mortalityunder5", "healthexpenditurepercapita", "healthexpenditureppercentgdp", "population", "populationurban", "birthrate", "lifeexpectancy", "gdp", "created_at", "updated_at") VALUES (?, ?, ?, ?, ?, ?, ?, ?, ?, ?, ?, ?) RETURNING "id"[0m  [["name", "Bangladesh"], ["mobilephones", 279000.0], ["mortalityunder5", 86.0], ["healthexpenditurepercapita", 9.0], ["healthexpenditureppercentgdp", 3.0], ["population", 129592275.0], ["populationurban", 30583777.0], ["birthrate", 27.0], ["lifeexpectancy", 65.0], ["gdp", 47124925462.0], ["created_at", "2024-03-12 21:41:13.833396"], ["updated_at", "2024-03-12 21:41:13.833396"]]
  [1m[36mTRANSACTION (0.1ms)[0m  [1m[36mcommit transaction[0m
  [1m[36mTRANSACTION (0.0ms)[0m  [1m[36mbegin transaction[0m
  [1m[36mCountryDataFinal Create (1.4ms)[0m  [1m[32mINSERT INTO "country_data_finals" ("name", "mobilephones", "mortalityunder5", "healthexpenditurepercapita", "healthexpenditureppercentgdp", "population", "populationurban", "birthrate", "lifeexpectancy", "gdp", "created_at", "updated_at") VALUES (?, ?, ?, ?, ?, ?, ?, ?, ?, ?, ?, ?) RETURNING "id"[0m  [["name", "Barbados"], ["mobilephones", 28467.0], ["mortalityunder5", 17.0], ["healthexpenditurepercapita", 640.0], ["healthexpenditureppercentgdp", 6.0], ["population", 267511.0], ["populationurban", 97106.0], ["birthrate", 12.0], ["lifeexpectancy", 76.0], ["gdp", 2558850048.0], ["created_at", "2024-03-12 21:41:13.836484"], ["updated_at", "2024-03-12 21:41:13.836484"]]
  [1m[36mTRANSACTION (3.1ms)[0m  [1m[36mcommit transaction[0m
  [1m[36mTRANSACTION (0.0ms)[0m  [1m[36mbegin transaction[0m
  [1m[36mCountryDataFinal Create (1.1ms)[0m  [1m[32mINSERT INTO "country_data_finals" ("name", "mobilephones", "mortalityunder5", "healthexpenditurepercapita", "healthexpenditureppercentgdp", "population", "populationurban", "birthrate", "lifeexpectancy", "gdp", "created_at", "updated_at") VALUES (?, ?, ?, ?, ?, ?, ?, ?, ?, ?, ?, ?) RETURNING "id"[0m  [["name", "Belarus"], ["mobilephones", 49353.0], ["mortalityunder5", 14.0], ["healthexpenditurepercapita", 66.0], ["healthexpenditureppercentgdp", 6.0], ["population", 10005000.0], ["populationurban", 6993495.0], ["birthrate", 9.0], ["lifeexpectancy", 69.0], ["gdp", 12736856485.0], ["created_at", "2024-03-12 21:41:13.848588"], ["updated_at", "2024-03-12 21:41:13.848588"]]
  [1m[36mTRANSACTION (0.1ms)[0m  [1m[36mcommit transaction[0m
  [1m[36mTRANSACTION (0.0ms)[0m  [1m[36mbegin transaction[0m
  [1m[36mCountryDataFinal Create (4.8ms)[0m  [1m[32mINSERT INTO "country_data_finals" ("name", "mobilephones", "mortalityunder5", "healthexpenditurepercapita", "healthexpenditureppercentgdp", "population", "populationurban", "birthrate", "lifeexpectancy", "gdp", "created_at", "updated_at") VALUES (?, ?, ?, ?, ?, ?, ?, ?, ?, ?, ?, ?) RETURNING "id"[0m  [["name", "Belgium"], ["mobilephones", 5629000.0], ["mortalityunder5", 6.0], ["healthexpenditurepercapita", 2025.0], ["healthexpenditureppercentgdp", 9.0], ["population", 10251250.0], ["populationurban", 9953964.0], ["birthrate", 11.0], ["lifeexpectancy", 78.0], ["gdp", 232673000000.0], ["created_at", "2024-03-12 21:41:13.857130"], ["updated_at", "2024-03-12 21:41:13.857130"]]
  [1m[36mTRANSACTION (0.1ms)[0m  [1m[36mcommit transaction[0m
  [1m[36mTRANSACTION (0.0ms)[0m  [1m[36mbegin transaction[0m
  [1m[36mCountryDataFinal Create (1.0ms)[0m  [1m[32mINSERT INTO "country_data_finals" ("name", "mobilephones", "mortalityunder5", "healthexpenditurepercapita", "healthexpenditureppercentgdp", "population", "populationurban", "birthrate", "lifeexpectancy", "gdp", "created_at", "updated_at") VALUES (?, ?, ?, ?, ?, ?, ?, ?, ?, ?, ?, ?) RETURNING "id"[0m  [["name", "Belize"], ["mobilephones", 16812.0], ["mortalityunder5", 27.0], ["healthexpenditurepercapita", 123.0], ["healthexpenditureppercentgdp", 4.0], ["population", 249800.0], ["populationurban", 119404.0], ["birthrate", 30.0], ["lifeexpectancy", 74.0], ["gdp", 832072465.0], ["created_at", "2024-03-12 21:41:13.864114"], ["updated_at", "2024-03-12 21:41:13.864114"]]
  [1m[36mTRANSACTION (0.1ms)[0m  [1m[36mcommit transaction[0m
  [1m[36mTRANSACTION (0.0ms)[0m  [1m[36mbegin transaction[0m
  [1m[36mCountryDataFinal Create (4.1ms)[0m  [1m[32mINSERT INTO "country_data_finals" ("name", "mobilephones", "mortalityunder5", "healthexpenditurepercapita", "healthexpenditureppercentgdp", "population", "populationurban", "birthrate", "lifeexpectancy", "gdp", "created_at", "updated_at") VALUES (?, ?, ?, ?, ?, ?, ?, ?, ?, ?, ?, ?) RETURNING "id"[0m  [["name", "Benin"], ["mobilephones", 55476.0], ["mortalityunder5", 143.0], ["healthexpenditurepercapita", 15.0], ["healthexpenditureppercentgdp", 4.0], ["population", 6517810.0], ["populationurban", 2496321.0], ["birthrate", 43.0], ["lifeexpectancy", 53.0], ["gdp", 2254838685.0], ["created_at", "2024-03-12 21:41:13.867700"], ["updated_at", "2024-03-12 21:41:13.867700"]]
  [1m[36mTRANSACTION (1.8ms)[0m  [1m[36mcommit transaction[0m
  [1m[36mTRANSACTION (0.0ms)[0m  [1m[36mbegin transaction[0m
  [1m[36mCountryDataFinal Create (1.1ms)[0m  [1m[32mINSERT INTO "country_data_finals" ("name", "mobilephones", "mortalityunder5", "healthexpenditurepercapita", "healthexpenditureppercentgdp", "population", "populationurban", "birthrate", "lifeexpectancy", "gdp", "created_at", "updated_at") VALUES (?, ?, ?, ?, ?, ?, ?, ?, ?, ?, ?, ?) RETURNING "id"[0m  [["name", "Bermuda"], ["mobilephones", 13000.0], ["mortalityunder5", 0.0], ["healthexpenditurepercapita", 0.0], ["healthexpenditureppercentgdp", 0.0], ["population", 62100.0], ["populationurban", 62100.0], ["birthrate", 14.0], ["lifeexpectancy", 78.0], ["gdp", 3480219000.0], ["created_at", "2024-03-12 21:41:13.880537"], ["updated_at", "2024-03-12 21:41:13.880537"]]
  [1m[36mTRANSACTION (0.1ms)[0m  [1m[36mcommit transaction[0m
  [1m[36mTRANSACTION (0.0ms)[0m  [1m[36mbegin transaction[0m
  [1m[36mCountryDataFinal Create (3.5ms)[0m  [1m[32mINSERT INTO "country_data_finals" ("name", "mobilephones", "mortalityunder5", "healthexpenditurepercapita", "healthexpenditureppercentgdp", "population", "populationurban", "birthrate", "lifeexpectancy", "gdp", "created_at", "updated_at") VALUES (?, ?, ?, ?, ?, ?, ?, ?, ?, ?, ?, ?) RETURNING "id"[0m  [["name", "Bhutan"], ["mobilephones", 0.0], ["mortalityunder5", 89.0], ["healthexpenditurepercapita", 53.0], ["healthexpenditureppercentgdp", 7.0], ["population", 571262.0], ["populationurban", 145101.0], ["birthrate", 27.0], ["lifeexpectancy", 62.0], ["gdp", 427808817.0], ["created_at", "2024-03-12 21:41:13.887236"], ["updated_at", "2024-03-12 21:41:13.887236"]]
  [1m[36mTRANSACTION (2.5ms)[0m  [1m[36mcommit transaction[0m
  [1m[36mTRANSACTION (0.0ms)[0m  [1m[36mbegin transaction[0m
  [1m[36mCountryDataFinal Create (1.1ms)[0m  [1m[32mINSERT INTO "country_data_finals" ("name", "mobilephones", "mortalityunder5", "healthexpenditurepercapita", "healthexpenditureppercentgdp", "population", "populationurban", "birthrate", "lifeexpectancy", "gdp", "created_at", "updated_at") VALUES (?, ?, ?, ?, ?, ?, ?, ?, ?, ?, ?, ?) RETURNING "id"[0m  [["name", "Bolivia"], ["mobilephones", 582620.0], ["mortalityunder5", 82.0], ["healthexpenditurepercapita", 61.0], ["healthexpenditureppercentgdp", 6.0], ["population", 8307248.0], ["populationurban", 5133879.0], ["birthrate", 31.0], ["lifeexpectancy", 63.0], ["gdp", 8397858206.0], ["created_at", "2024-03-12 21:41:13.896902"], ["updated_at", "2024-03-12 21:41:13.896902"]]
  [1m[36mTRANSACTION (2.9ms)[0m  [1m[36mcommit transaction[0m
  [1m[36mTRANSACTION (0.0ms)[0m  [1m[36mbegin transaction[0m
  [1m[36mCountryDataFinal Create (4.0ms)[0m  [1m[32mINSERT INTO "country_data_finals" ("name", "mobilephones", "mortalityunder5", "healthexpenditurepercapita", "healthexpenditureppercentgdp", "population", "populationurban", "birthrate", "lifeexpectancy", "gdp", "created_at", "updated_at") VALUES (?, ?, ?, ?, ?, ?, ?, ?, ?, ?, ?, ?) RETURNING "id"[0m  [["name", "Bosnia and Herzegovina"], ["mobilephones", 93386.0], ["mortalityunder5", 10.0], ["healthexpenditurepercapita", 106.0], ["healthexpenditureppercentgdp", 7.0], ["population", 3693698.0], ["populationurban", 1595678.0], ["birthrate", 11.0], ["lifeexpectancy", 75.0], ["gdp", 5505984456.0], ["created_at", "2024-03-12 21:41:13.907140"], ["updated_at", "2024-03-12 21:41:13.907140"]]
  [1m[36mTRANSACTION (1.7ms)[0m  [1m[36mcommit transaction[0m
  [1m[36mTRANSACTION (0.0ms)[0m  [1m[36mbegin transaction[0m
  [1m[36mCountryDataFinal Create (6.2ms)[0m  [1m[32mINSERT INTO "country_data_finals" ("name", "mobilephones", "mortalityunder5", "healthexpenditurepercapita", "healthexpenditureppercentgdp", "population", "populationurban", "birthrate", "lifeexpectancy", "gdp", "created_at", "updated_at") VALUES (?, ?, ?, ?, ?, ?, ?, ?, ?, ?, ?, ?) RETURNING "id"[0m  [["name", "Botswana"], ["mobilephones", 222190.0], ["mortalityunder5", 96.0], ["healthexpenditurepercapita", 155.0], ["healthexpenditureppercentgdp", 5.0], ["population", 1757925.0], ["populationurban", 935216.0], ["birthrate", 27.0], ["lifeexpectancy", 51.0], ["gdp", 5632391130.0], ["created_at", "2024-03-12 21:41:13.916841"], ["updated_at", "2024-03-12 21:41:13.916841"]]
  [1m[36mTRANSACTION (1.7ms)[0m  [1m[36mcommit transaction[0m
  [1m[36mTRANSACTION (0.1ms)[0m  [1m[36mbegin transaction[0m
  [1m[36mCountryDataFinal Create (4.7ms)[0m  [1m[32mINSERT INTO "country_data_finals" ("name", "mobilephones", "mortalityunder5", "healthexpenditurepercapita", "healthexpenditureppercentgdp", "population", "populationurban", "birthrate", "lifeexpectancy", "gdp", "created_at", "updated_at") VALUES (?, ?, ?, ?, ?, ?, ?, ?, ?, ?, ?, ?) RETURNING "id"[0m  [["name", "Brazil"], ["mobilephones", 23188171.0], ["mortalityunder5", 36.0], ["healthexpenditurepercapita", 265.0], ["healthexpenditureppercentgdp", 7.0], ["population", 174425387.0], ["populationurban", 141633414.0], ["birthrate", 21.0], ["lifeexpectancy", 70.0], ["gdp", 644702000000.0], ["created_at", "2024-03-12 21:41:13.928164"], ["updated_at", "2024-03-12 21:41:13.928164"]]
  [1m[36mTRANSACTION (0.1ms)[0m  [1m[36mcommit transaction[0m
  [1m[36mTRANSACTION (0.0ms)[0m  [1m[36mbegin transaction[0m
  [1m[36mCountryDataFinal Create (1.2ms)[0m  [1m[32mINSERT INTO "country_data_finals" ("name", "mobilephones", "mortalityunder5", "healthexpenditurepercapita", "healthexpenditureppercentgdp", "population", "populationurban", "birthrate", "lifeexpectancy", "gdp", "created_at", "updated_at") VALUES (?, ?, ?, ?, ?, ?, ?, ?, ?, ?, ?, ?) RETURNING "id"[0m  [["name", "Brunei Darussalam"], ["mobilephones", 95000.0], ["mortalityunder5", 9.0], ["healthexpenditurepercapita", 541.0], ["healthexpenditureppercentgdp", 3.0], ["population", 327036.0], ["populationurban", 232523.0], ["birthrate", 23.0], ["lifeexpectancy", 77.0], ["gdp", 6001153318.0], ["created_at", "2024-03-12 21:41:13.936070"], ["updated_at", "2024-03-12 21:41:13.936070"]]
  [1m[36mTRANSACTION (0.1ms)[0m  [1m[36mcommit transaction[0m
  [1m[36mTRANSACTION (0.0ms)[0m  [1m[36mbegin transaction[0m
  [1m[36mCountryDataFinal Create (2.7ms)[0m  [1m[32mINSERT INTO "country_data_finals" ("name", "mobilephones", "mortalityunder5", "healthexpenditurepercapita", "healthexpenditureppercentgdp", "population", "populationurban", "birthrate", "lifeexpectancy", "gdp", "created_at", "updated_at") VALUES (?, ?, ?, ?, ?, ?, ?, ?, ?, ?, ?, ?) RETURNING "id"[0m  [["name", "Bulgaria"], ["mobilephones", 738000.0], ["mortalityunder5", 21.0], ["healthexpenditurepercapita", 95.0], ["healthexpenditureppercentgdp", 6.0], ["population", 8170172.0], ["populationurban", 5629249.0], ["birthrate", 9.0], ["lifeexpectancy", 72.0], ["gdp", 12903546576.0], ["created_at", "2024-03-12 21:41:13.943554"], ["updated_at", "2024-03-12 21:41:13.943554"]]
  [1m[36mTRANSACTION (3.7ms)[0m  [1m[36mcommit transaction[0m
  [1m[36mTRANSACTION (0.1ms)[0m  [1m[36mbegin transaction[0m
  [1m[36mCountryDataFinal Create (1.1ms)[0m  [1m[32mINSERT INTO "country_data_finals" ("name", "mobilephones", "mortalityunder5", "healthexpenditurepercapita", "healthexpenditureppercentgdp", "population", "populationurban", "birthrate", "lifeexpectancy", "gdp", "created_at", "updated_at") VALUES (?, ?, ?, ?, ?, ?, ?, ?, ?, ?, ?, ?) RETURNING "id"[0m  [["name", "Burkina Faso"], ["mobilephones", 25245.0], ["mortalityunder5", 191.0], ["healthexpenditurepercapita", 11.0], ["healthexpenditureppercentgdp", 5.0], ["population", 12294012.0], ["populationurban", 2040806.0], ["birthrate", 45.0], ["lifeexpectancy", 50.0], ["gdp", 2610945549.0], ["created_at", "2024-03-12 21:41:13.954170"], ["updated_at", "2024-03-12 21:41:13.954170"]]
  [1m[36mTRANSACTION (1.6ms)[0m  [1m[36mcommit transaction[0m
  [1m[36mTRANSACTION (0.0ms)[0m  [1m[36mbegin transaction[0m
  [1m[36mCountryDataFinal Create (5.3ms)[0m  [1m[32mINSERT INTO "country_data_finals" ("name", "mobilephones", "mortalityunder5", "healthexpenditurepercapita", "healthexpenditureppercentgdp", "population", "populationurban", "birthrate", "lifeexpectancy", "gdp", "created_at", "updated_at") VALUES (?, ?, ?, ?, ?, ?, ?, ?, ?, ?, ?, ?) RETURNING "id"[0m  [["name", "Burundi"], ["mobilephones", 16320.0], ["mortalityunder5", 164.0], ["healthexpenditurepercapita", 7.0], ["healthexpenditureppercentgdp", 7.0], ["population", 6374347.0], ["populationurban", 529071.0], ["birthrate", 38.0], ["lifeexpectancy", 46.0], ["gdp", 835334807.0], ["created_at", "2024-03-12 21:41:13.961544"], ["updated_at", "2024-03-12 21:41:13.961544"]]
  [1m[36mTRANSACTION (0.1ms)[0m  [1m[36mcommit transaction[0m
  [1m[36mTRANSACTION (0.0ms)[0m  [1m[36mbegin transaction[0m
  [1m[36mCountryDataFinal Create (1.0ms)[0m  [1m[32mINSERT INTO "country_data_finals" ("name", "mobilephones", "mortalityunder5", "healthexpenditurepercapita", "healthexpenditureppercentgdp", "population", "populationurban", "birthrate", "lifeexpectancy", "gdp", "created_at", "updated_at") VALUES (?, ?, ?, ?, ?, ?, ?, ?, ?, ?, ?, ?) RETURNING "id"[0m  [["name", "Cambodia"], ["mobilephones", 130547.0], ["mortalityunder5", 103.0], ["healthexpenditurepercapita", 17.0], ["healthexpenditureppercentgdp", 6.0], ["population", 12446949.0], ["populationurban", 2103534.0], ["birthrate", 27.0], ["lifeexpectancy", 58.0], ["gdp", 3654031716.0], ["created_at", "2024-03-12 21:41:13.970255"], ["updated_at", "2024-03-12 21:41:13.970255"]]
  [1m[36mTRANSACTION (0.1ms)[0m  [1m[36mcommit transaction[0m
  [1m[36mTRANSACTION (0.0ms)[0m  [1m[36mbegin transaction[0m
  [1m[36mCountryDataFinal Create (1.1ms)[0m  [1m[32mINSERT INTO "country_data_finals" ("name", "mobilephones", "mortalityunder5", "healthexpenditurepercapita", "healthexpenditureppercentgdp", "population", "populationurban", "birthrate", "lifeexpectancy", "gdp", "created_at", "updated_at") VALUES (?, ?, ?, ?, ?, ?, ?, ?, ?, ?, ?, ?) RETURNING "id"[0m  [["name", "Cameroon"], ["mobilephones", 103279.0], ["mortalityunder5", 148.0], ["healthexpenditurepercapita", 27.0], ["healthexpenditureppercentgdp", 5.0], ["population", 15678269.0], ["populationurban", 7823456.0], ["birthrate", 38.0], ["lifeexpectancy", 50.0], ["gdp", 10075040331.0], ["created_at", "2024-03-12 21:41:13.973814"], ["updated_at", "2024-03-12 21:41:13.973814"]]
  [1m[36mTRANSACTION (0.1ms)[0m  [1m[36mcommit transaction[0m
  [1m[36mTRANSACTION (0.0ms)[0m  [1m[36mbegin transaction[0m
  [1m[36mCountryDataFinal Create (1.0ms)[0m  [1m[32mINSERT INTO "country_data_finals" ("name", "mobilephones", "mortalityunder5", "healthexpenditurepercapita", "healthexpenditureppercentgdp", "population", "populationurban", "birthrate", "lifeexpectancy", "gdp", "created_at", "updated_at") VALUES (?, ?, ?, ?, ?, ?, ?, ?, ?, ?, ?, ?) RETURNING "id"[0m  [["name", "Canada"], ["mobilephones", 8727000.0], ["mortalityunder5", 6.0], ["healthexpenditurepercapita", 2082.0], ["healthexpenditureppercentgdp", 9.0], ["population", 30769700.0], ["populationurban", 24461912.0], ["birthrate", 11.0], ["lifeexpectancy", 80.0], ["gdp", 724919000000.0], ["created_at", "2024-03-12 21:41:13.976940"], ["updated_at", "2024-03-12 21:41:13.976940"]]
  [1m[36mTRANSACTION (3.0ms)[0m  [1m[36mcommit transaction[0m
  [1m[36mTRANSACTION (0.0ms)[0m  [1m[36mbegin transaction[0m
  [1m[36mCountryDataFinal Create (1.0ms)[0m  [1m[32mINSERT INTO "country_data_finals" ("name", "mobilephones", "mortalityunder5", "healthexpenditurepercapita", "healthexpenditureppercentgdp", "population", "populationurban", "birthrate", "lifeexpectancy", "gdp", "created_at", "updated_at") VALUES (?, ?, ?, ?, ?, ?, ?, ?, ?, ?, ?, ?) RETURNING "id"[0m  [["name", "Cape Verde"], ["mobilephones", 19729.0], ["mortalityunder5", 46.0], ["healthexpenditurepercapita", 57.0], ["healthexpenditureppercentgdp", 5.0], ["population", 437238.0], ["populationurban", 233485.0], ["birthrate", 29.0], ["lifeexpectancy", 70.0], ["gdp", 539227053.0], ["created_at", "2024-03-12 21:41:13.987214"], ["updated_at", "2024-03-12 21:41:13.987214"]]
  [1m[36mTRANSACTION (0.1ms)[0m  [1m[36mcommit transaction[0m
  [1m[36mTRANSACTION (0.0ms)[0m  [1m[36mbegin transaction[0m
  [1m[36mCountryDataFinal Create (1.4ms)[0m  [1m[32mINSERT INTO "country_data_finals" ("name", "mobilephones", "mortalityunder5", "healthexpenditurepercapita", "healthexpenditureppercentgdp", "population", "populationurban", "birthrate", "lifeexpectancy", "gdp", "created_at", "updated_at") VALUES (?, ?, ?, ?, ?, ?, ?, ?, ?, ?, ?, ?) RETURNING "id"[0m  [["name", "Cayman Islands"], ["mobilephones", 10700.0], ["mortalityunder5", 0.0], ["healthexpenditurepercapita", 0.0], ["healthexpenditureppercentgdp", 0.0], ["population", 40195.0], ["populationurban", 40195.0], ["birthrate", 0.0], ["lifeexpectancy", 0.0], ["gdp", 0.0], ["created_at", "2024-03-12 21:41:13.993226"], ["updated_at", "2024-03-12 21:41:13.993226"]]
  [1m[36mTRANSACTION (3.8ms)[0m  [1m[36mcommit transaction[0m
  [1m[36mTRANSACTION (0.1ms)[0m  [1m[36mbegin transaction[0m
  [1m[36mCountryDataFinal Create (1.1ms)[0m  [1m[32mINSERT INTO "country_data_finals" ("name", "mobilephones", "mortalityunder5", "healthexpenditurepercapita", "healthexpenditureppercentgdp", "population", "populationurban", "birthrate", "lifeexpectancy", "gdp", "created_at", "updated_at") VALUES (?, ?, ?, ?, ?, ?, ?, ?, ?, ?, ?, ?) RETURNING "id"[0m  [["name", "Central African Republic"], ["mobilephones", 4967.0], ["mortalityunder5", 176.0], ["healthexpenditurepercapita", 10.0], ["healthexpenditureppercentgdp", 4.0], ["population", 3701607.0], ["populationurban", 1391804.0], ["birthrate", 39.0], ["lifeexpectancy", 44.0], ["gdp", 959413051.0], ["created_at", "2024-03-12 21:41:14.005195"], ["updated_at", "2024-03-12 21:41:14.005195"]]
  [1m[36mTRANSACTION (0.1ms)[0m  [1m[36mcommit transaction[0m
  [1m[36mTRANSACTION (0.1ms)[0m  [1m[36mbegin transaction[0m
  [1m[36mCountryDataFinal Create (3.8ms)[0m  [1m[32mINSERT INTO "country_data_finals" ("name", "mobilephones", "mortalityunder5", "healthexpenditurepercapita", "healthexpenditureppercentgdp", "population", "populationurban", "birthrate", "lifeexpectancy", "gdp", "created_at", "updated_at") VALUES (?, ?, ?, ?, ?, ?, ?, ?, ?, ?, ?, ?) RETURNING "id"[0m  [["name", "Chad"], ["mobilephones", 5500.0], ["mortalityunder5", 190.0], ["healthexpenditurepercapita", 10.0], ["healthexpenditureppercentgdp", 6.0], ["population", 8222327.0], ["populationurban", 1924025.0], ["birthrate", 48.0], ["lifeexpectancy", 49.0], ["gdp", 1385050964.0], ["created_at", "2024-03-12 21:41:14.013041"], ["updated_at", "2024-03-12 21:41:14.013041"]]
  [1m[36mTRANSACTION (3.1ms)[0m  [1m[36mcommit transaction[0m
  [1m[36mTRANSACTION (0.0ms)[0m  [1m[36mbegin transaction[0m
  [1m[36mCountryDataFinal Create (1.1ms)[0m  [1m[32mINSERT INTO "country_data_finals" ("name", "mobilephones", "mortalityunder5", "healthexpenditurepercapita", "healthexpenditureppercentgdp", "population", "populationurban", "birthrate", "lifeexpectancy", "gdp", "created_at", "updated_at") VALUES (?, ?, ?, ?, ?, ?, ?, ?, ?, ?, ?, ?) RETURNING "id"[0m  [["name", "Channel Islands"], ["mobilephones", 0.0], ["mortalityunder5", 0.0], ["healthexpenditurepercapita", 0.0], ["healthexpenditureppercentgdp", 0.0], ["population", 145330.0], ["populationurban", 44326.0], ["birthrate", 11.0], ["lifeexpectancy", 78.0], ["gdp", 6439703435.0], ["created_at", "2024-03-12 21:41:14.023843"], ["updated_at", "2024-03-12 21:41:14.023843"]]
  [1m[36mTRANSACTION (0.1ms)[0m  [1m[36mcommit transaction[0m
  [1m[36mTRANSACTION (0.0ms)[0m  [1m[36mbegin transaction[0m
  [1m[36mCountryDataFinal Create (7.9ms)[0m  [1m[32mINSERT INTO "country_data_finals" ("name", "mobilephones", "mortalityunder5", "healthexpenditurepercapita", "healthexpenditureppercentgdp", "population", "populationurban", "birthrate", "lifeexpectancy", "gdp", "created_at", "updated_at") VALUES (?, ?, ?, ?, ?, ?, ?, ?, ?, ?, ?, ?) RETURNING "id"[0m  [["name", "Chile"], ["mobilephones", 3401525.0], ["mortalityunder5", 11.0], ["healthexpenditurepercapita", 324.0], ["healthexpenditureppercentgdp", 7.0], ["population", 15419820.0], ["populationurban", 13245625.0], ["birthrate", 17.0], ["lifeexpectancy", 77.0], ["gdp", 75210511780.0], ["created_at", "2024-03-12 21:41:14.027408"], ["updated_at", "2024-03-12 21:41:14.027408"]]
  [1m[36mTRANSACTION (2.9ms)[0m  [1m[36mcommit transaction[0m
  [1m[36mTRANSACTION (0.0ms)[0m  [1m[36mbegin transaction[0m
  [1m[36mCountryDataFinal Create (1.1ms)[0m  [1m[32mINSERT INTO "country_data_finals" ("name", "mobilephones", "mortalityunder5", "healthexpenditurepercapita", "healthexpenditureppercentgdp", "population", "populationurban", "birthrate", "lifeexpectancy", "gdp", "created_at", "updated_at") VALUES (?, ?, ?, ?, ?, ?, ?, ?, ?, ?, ?, ?) RETURNING "id"[0m  [["name", "China"], ["mobilephones", 85260000.0], ["mortalityunder5", 33.0], ["healthexpenditurepercapita", 44.0], ["healthexpenditureppercentgdp", 5.0], ["population", 1262645000.0], ["populationurban", 452026910.0], ["birthrate", 14.0], ["lifeexpectancy", 72.0], ["gdp", 1198470000000.0], ["created_at", "2024-03-12 21:41:14.041605"], ["updated_at", "2024-03-12 21:41:14.041605"]]
  [1m[36mTRANSACTION (0.1ms)[0m  [1m[36mcommit transaction[0m
  [1m[36mTRANSACTION (0.0ms)[0m  [1m[36mbegin transaction[0m
  [1m[36mCountryDataFinal Create (1.0ms)[0m  [1m[32mINSERT INTO "country_data_finals" ("name", "mobilephones", "mortalityunder5", "healthexpenditurepercapita", "healthexpenditureppercentgdp", "population", "populationurban", "birthrate", "lifeexpectancy", "gdp", "created_at", "updated_at") VALUES (?, ?, ?, ?, ?, ?, ?, ?, ?, ?, ?, ?) RETURNING "id"[0m  [["name", "Colombia"], ["mobilephones", 2256801.0], ["mortalityunder5", 27.0], ["healthexpenditurepercapita", 161.0], ["healthexpenditureppercentgdp", 7.0], ["population", 39764166.0], ["populationurban", 28669964.0], ["birthrate", 23.0], ["lifeexpectancy", 71.0], ["gdp", 100364000000.0], ["created_at", "2024-03-12 21:41:14.045984"], ["updated_at", "2024-03-12 21:41:14.045984"]]
  [1m[36mTRANSACTION (0.1ms)[0m  [1m[36mcommit transaction[0m
  [1m[36mTRANSACTION (0.0ms)[0m  [1m[36mbegin transaction[0m
  [1m[36mCountryDataFinal Create (2.6ms)[0m  [1m[32mINSERT INTO "country_data_finals" ("name", "mobilephones", "mortalityunder5", "healthexpenditurepercapita", "healthexpenditureppercentgdp", "population", "populationurban", "birthrate", "lifeexpectancy", "gdp", "created_at", "updated_at") VALUES (?, ?, ?, ?, ?, ?, ?, ?, ?, ?, ?, ?) RETURNING "id"[0m  [["name", "Comoros"], ["mobilephones", 0.0], ["mortalityunder5", 104.0], ["healthexpenditurepercapita", 10.0], ["healthexpenditureppercentgdp", 3.0], ["population", 562469.0], ["populationurban", 158054.0], ["birthrate", 40.0], ["lifeexpectancy", 58.0], ["gdp", 201900820.0], ["created_at", "2024-03-12 21:41:14.053838"], ["updated_at", "2024-03-12 21:41:14.053838"]]
  [1m[36mTRANSACTION (3.0ms)[0m  [1m[36mcommit transaction[0m
Started GET "/country_data_finals" for 146.111.194.16 at 2024-03-12 21:41:19 +0000
Cannot render console from 146.111.194.16! Allowed networks: 127.0.0.0/127.255.255.255, ::1
Processing by CountryDataFinalsController#index as HTML
  Rendering layout layouts/application.html.erb
  Rendering country_data_finals/index.html.erb within layouts/application
  [1m[36mCountryDataFinal Load (0.3ms)[0m  [1m[34mSELECT "country_data_finals".* FROM "country_data_finals"[0m
  ↳ app/views/country_data_finals/index.html.erb:6
  Rendered country_data_finals/_country_data_final.html.erb (Duration: 1.8ms | Allocations: 388)
  Rendered country_data_finals/_country_data_final.html.erb (Duration: 0.1ms | Allocations: 34)
  Rendered country_data_finals/_country_data_final.html.erb (Duration: 0.1ms | Allocations: 34)
  Rendered country_data_finals/_country_data_final.html.erb (Duration: 0.1ms | Allocations: 34)
  Rendered country_data_finals/_country_data_final.html.erb (Duration: 0.9ms | Allocations: 34)
  Rendered country_data_finals/_country_data_final.html.erb (Duration: 0.1ms | Allocations: 34)
  Rendered country_data_finals/_country_data_final.html.erb (Duration: 0.1ms | Allocations: 35)
  Rendered country_data_finals/_country_data_final.html.erb (Duration: 0.1ms | Allocations: 34)
  Rendered country_data_finals/_country_data_final.html.erb (Duration: 0.1ms | Allocations: 34)
  Rendered country_data_finals/_country_data_final.html.erb (Duration: 0.1ms | Allocations: 34)
  Rendered country_data_finals/_country_data_final.html.erb (Duration: 0.1ms | Allocations: 34)
  Rendered country_data_finals/_country_data_final.html.erb (Duration: 0.1ms | Allocations: 34)
  Rendered country_data_finals/_country_data_final.html.erb (Duration: 0.1ms | Allocations: 34)
  Rendered country_data_finals/_country_data_final.html.erb (Duration: 0.1ms | Allocations: 34)
  Rendered country_data_finals/_country_data_final.html.erb (Duration: 0.1ms | Allocations: 34)
  Rendered country_data_finals/_country_data_final.html.erb (Duration: 0.1ms | Allocations: 34)
  Rendered country_data_finals/_country_data_final.html.erb (Duration: 0.1ms | Allocations: 34)
  Rendered country_data_finals/_country_data_final.html.erb (Duration: 0.1ms | Allocations: 34)
  Rendered country_data_finals/_country_data_final.html.erb (Duration: 0.1ms | Allocations: 34)
  Rendered country_data_finals/_country_data_final.html.erb (Duration: 0.1ms | Allocations: 34)
  Rendered country_data_finals/_country_data_final.html.erb (Duration: 0.1ms | Allocations: 34)
  Rendered country_data_finals/_country_data_final.html.erb (Duration: 0.1ms | Allocations: 34)
  Rendered country_data_finals/_country_data_final.html.erb (Duration: 0.1ms | Allocations: 34)
  Rendered country_data_finals/_country_data_final.html.erb (Duration: 0.1ms | Allocations: 34)
  Rendered country_data_finals/_country_data_final.html.erb (Duration: 0.1ms | Allocations: 35)
  Rendered country_data_finals/_country_data_final.html.erb (Duration: 0.1ms | Allocations: 34)
  Rendered country_data_finals/_country_data_final.html.erb (Duration: 0.1ms | Allocations: 34)
  Rendered country_data_finals/_country_data_final.html.erb (Duration: 0.1ms | Allocations: 35)
  Rendered country_data_finals/_country_data_final.html.erb (Duration: 0.1ms | Allocations: 34)
  Rendered country_data_finals/_country_data_final.html.erb (Duration: 0.2ms | Allocations: 34)
  Rendered country_data_finals/_country_data_final.html.erb (Duration: 0.1ms | Allocations: 34)
  Rendered country_data_finals/_country_data_final.html.erb (Duration: 0.1ms | Allocations: 34)
  Rendered country_data_finals/_country_data_final.html.erb (Duration: 0.3ms | Allocations: 34)
  Rendered country_data_finals/_country_data_final.html.erb (Duration: 0.1ms | Allocations: 34)
  Rendered country_data_finals/_country_data_final.html.erb (Duration: 0.1ms | Allocations: 34)
  Rendered country_data_finals/_country_data_final.html.erb (Duration: 0.1ms | Allocations: 34)
  Rendered country_data_finals/_country_data_final.html.erb (Duration: 0.1ms | Allocations: 35)
  Rendered country_data_finals/_country_data_final.html.erb (Duration: 0.1ms | Allocations: 34)
  Rendered country_data_finals/_country_data_final.html.erb (Duration: 0.1ms | Allocations: 34)
  Rendered country_data_finals/_country_data_final.html.erb (Duration: 0.1ms | Allocations: 34)
  Rendered country_data_finals/_country_data_final.html.erb (Duration: 0.1ms | Allocations: 34)
  Rendered country_data_finals/_country_data_final.html.erb (Duration: 0.1ms | Allocations: 34)
  Rendered country_data_finals/_country_data_final.html.erb (Duration: 0.1ms | Allocations: 34)
  Rendered country_data_finals/index.html.erb within layouts/application (Duration: 54.9ms | Allocations: 10111)
  Rendered layout layouts/application.html.erb (Duration: 58.4ms | Allocations: 11225)
Completed 200 OK in 63ms (Views: 62.4ms | ActiveRecord: 0.2ms | Allocations: 11491)


